vite v3.0.8 building for production...
transforming...
Use of eval is strongly discouraged, as it poses security risks and may cause issues with minification
✓ 834 modules transformed.
rendering chunks...
dist/assets/LightModeIcon.ac92cf55.svg   1.37 KiB
dist/assets/DarkModeIcon.fec7b27c.svg    1.41 KiB
dist/assets/ErrorIcon.ead33522.svg       0.57 KiB
dist/assets/CheckIcon.b79bf4db.svg       0.69 KiB
dist/assets/Rectangle-83.b2c1d4bc.webp   94.74 KiB
dist/assets/Rectangle-83.7a37dc9f.jpg    80.00 KiB
dist/assets/Rectangle-81.2f958f72.jpg    187.50 KiB
dist/assets/Rectangle-84.3b838634.jpg    185.70 KiB
dist/assets/Rectangle-84.d420a162.webp   193.80 KiB
dist/assets/Rectangle-82.f9ef99bc.webp   228.63 KiB
dist/assets/Rectangle-82.1ca43a14.jpg    223.06 KiB
dist/assets/Rectangle-85.7bbc30bb.webp   132.66 KiB
dist/assets/Rectangle-86.e1546bac.jpg    187.58 KiB
dist/assets/Rectangle-85.0eecd156.jpg    114.17 KiB
dist/assets/Rectangle-86.981ae217.webp   205.60 KiB
dist/assets/Rectangle-81.22e8068b.webp   177.84 KiB
dist/index.html                          2.76 KiB
dist/assets/index.56817775.js            2.30 KiB / gzip: 1.39 KiB
dist/assets/index.2f2d1483.js            2.37 KiB / gzip: 1.35 KiB
dist/assets/index.64600303.js            24.70 KiB / gzip: 10.19 KiB
dist/assets/apl.9a9d092e.js              2.28 KiB / gzip: 1.22 KiB
dist/assets/index.8e9cf1fb.js            36.79 KiB / gzip: 15.23 KiB
dist/assets/index.4fced912.js            11.29 KiB / gzip: 4.82 KiB
dist/assets/asciiarmor.dbebaab6.js       0.77 KiB / gzip: 0.39 KiB
dist/assets/asn1.fc258970.js             3.90 KiB / gzip: 1.88 KiB
dist/assets/brainfuck.e3774551.js        0.59 KiB / gzip: 0.32 KiB
dist/assets/asterisk.0a47dc2d.js         4.38 KiB / gzip: 1.74 KiB
dist/assets/cobol.217e9ca9.js            6.09 KiB / gzip: 2.87 KiB
dist/assets/clojure.ebeae4e0.js          10.56 KiB / gzip: 3.86 KiB
dist/assets/cmake.355dc042.js            0.76 KiB / gzip: 0.45 KiB
dist/assets/commonlisp.439f07a9.js       2.28 KiB / gzip: 1.07 KiB
dist/assets/coffeescript.2d9c05eb.js     3.78 KiB / gzip: 1.63 KiB
dist/assets/clike.97040bd7.js            21.56 KiB / gzip: 7.53 KiB
dist/assets/cypher.9f80f00d.js           3.48 KiB / gzip: 1.49 KiB
dist/assets/crystal.c79ade6f.js          5.01 KiB / gzip: 2.00 KiB
dist/assets/python.0215ec21.js           6.29 KiB / gzip: 2.64 KiB
dist/assets/diff.1399ea28.js             0.30 KiB / gzip: 0.23 KiB
dist/assets/dockerfile.7e8ac623.js       1.90 KiB / gzip: 0.65 KiB
dist/assets/d.1f2b509c.js                3.63 KiB / gzip: 1.63 KiB
dist/assets/simple-mode.ff97409a.js      2.19 KiB / gzip: 1.05 KiB
dist/assets/dtd.f8b04ccc.js              2.01 KiB / gzip: 0.85 KiB
dist/assets/ebnf.1a90183b.js             1.94 KiB / gzip: 0.79 KiB
dist/assets/dylan.268453ba.js            3.96 KiB / gzip: 1.61 KiB
dist/assets/eiffel.b50304d9.js           1.77 KiB / gzip: 0.90 KiB
dist/assets/elm.44be387b.js              1.85 KiB / gzip: 0.79 KiB
dist/assets/factor.a2faee52.js           1.63 KiB / gzip: 0.60 KiB
dist/assets/fcl.89762b0a.js              2.03 KiB / gzip: 0.93 KiB
dist/assets/ecl.daddeceb.js              5.01 KiB / gzip: 2.23 KiB
dist/assets/forth.c6bb935d.js            2.48 KiB / gzip: 1.28 KiB
dist/assets/erlang.3168f240.js           7.88 KiB / gzip: 2.80 KiB
dist/assets/fortran.41213a2c.js          4.54 KiB / gzip: 1.96 KiB
dist/assets/gas.764d8469.js              4.46 KiB / gzip: 1.25 KiB
dist/assets/go.e07f3bc6.js               2.75 KiB / gzip: 1.27 KiB
dist/assets/css.2cdf6d66.js              26.50 KiB / gzip: 8.29 KiB
dist/assets/groovy.a6046ce4.js           4.00 KiB / gzip: 1.70 KiB
dist/assets/mllike.8ce5d88d.js           4.71 KiB / gzip: 1.52 KiB
dist/assets/http.83b6af1b.js             0.83 KiB / gzip: 0.41 KiB
dist/assets/gherkin.424d5487.js          7.77 KiB / gzip: 4.85 KiB
dist/assets/haskell.0f6480f6.js          4.07 KiB / gzip: 1.82 KiB
dist/assets/jinja2.6a3b223f.js           2.55 KiB / gzip: 1.01 KiB
dist/assets/haxe.68025037.js             7.72 KiB / gzip: 2.86 KiB
dist/assets/julia.c68df774.js            5.26 KiB / gzip: 2.07 KiB
dist/assets/livescript.052f35b9.js       4.00 KiB / gzip: 1.58 KiB
dist/assets/lua.7aa62e7a.js              3.32 KiB / gzip: 1.39 KiB
dist/assets/mathematica.31e7cbc1.js      1.87 KiB / gzip: 0.79 KiB
dist/assets/idl.212dd1a7.js              11.37 KiB / gzip: 4.43 KiB
dist/assets/modelica.1e7ab17e.js         2.72 KiB / gzip: 1.25 KiB
dist/assets/javascript.b377c50d.js       16.69 KiB / gzip: 5.59 KiB
dist/assets/sql.2509f5a3.js              36.20 KiB / gzip: 10.66 KiB
dist/assets/mumps.70cdb68e.js            2.02 KiB / gzip: 0.95 KiB
dist/assets/mbox.17eeb5d2.js             1.36 KiB / gzip: 0.64 KiB
dist/assets/mirc.345545ae.js             5.78 KiB / gzip: 2.60 KiB
dist/assets/ntriples.15d7aa84.js         2.05 KiB / gzip: 0.72 KiB
dist/assets/octave.57fd6fe8.js           2.26 KiB / gzip: 1.06 KiB
dist/assets/nginx.4602837b.js            7.17 KiB / gzip: 2.67 KiB
dist/assets/oz.637b9174.js               2.83 KiB / gzip: 1.25 KiB
dist/assets/pascal.c204b101.js           2.23 KiB / gzip: 1.15 KiB
dist/assets/properties.18268dfa.js       0.65 KiB / gzip: 0.34 KiB
dist/assets/protobuf.d1626d50.js         0.85 KiB / gzip: 0.50 KiB
dist/assets/nsis.a5cf6e25.js             6.64 KiB / gzip: 2.88 KiB
dist/assets/pig.d26f94cc.js              2.47 KiB / gzip: 1.32 KiB
dist/assets/puppet.b47f184d.js           2.48 KiB / gzip: 1.16 KiB
dist/assets/q.f1b44998.js                3.90 KiB / gzip: 1.60 KiB
dist/assets/powershell.9299c9fd.js       7.59 KiB / gzip: 3.22 KiB
dist/assets/rpm.95b1d479.js              1.58 KiB / gzip: 0.80 KiB
dist/assets/r.e80c19bb.js                2.87 KiB / gzip: 1.33 KiB
dist/assets/sass.d3bdec96.js             4.28 KiB / gzip: 1.58 KiB
dist/assets/sieve.8141aef9.js            1.58 KiB / gzip: 0.75 KiB
dist/assets/ruby.a30ad344.js             5.04 KiB / gzip: 2.08 KiB
dist/assets/perl.ae78e4a3.js             9.52 KiB / gzip: 3.32 KiB
dist/assets/solr.ae56f966.js             0.85 KiB / gzip: 0.44 KiB
dist/assets/shell.fe3f3567.js            2.49 KiB / gzip: 1.16 KiB
dist/assets/scheme.e59aa1f7.js           6.22 KiB / gzip: 2.33 KiB
dist/assets/smalltalk.67c673bb.js        1.96 KiB / gzip: 0.83 KiB
dist/assets/spreadsheet.c8d14b46.js      1.11 KiB / gzip: 0.53 KiB
dist/assets/sas.366db288.js              9.12 KiB / gzip: 3.97 KiB
dist/assets/sparql.a38eef2d.js           3.37 KiB / gzip: 1.53 KiB
dist/assets/stex.a0fc873f.js             3.03 KiB / gzip: 1.15 KiB
dist/assets/swift.e30a438f.js            3.86 KiB / gzip: 1.74 KiB
dist/assets/tcl.b84b916e.js              2.30 KiB / gzip: 1.19 KiB
dist/assets/tiddlywiki.d22e0c62.js       2.72 KiB / gzip: 1.04 KiB
dist/assets/toml.fe9e1018.js             1.10 KiB / gzip: 0.50 KiB
dist/assets/textile.404d4e6c.js          6.64 KiB / gzip: 2.37 KiB
dist/assets/troff.0c42c11c.js            0.94 KiB / gzip: 0.43 KiB
dist/assets/verilog.a320beba.js          8.05 KiB / gzip: 3.38 KiB
dist/assets/turtle.466fd2b3.js           1.93 KiB / gzip: 0.88 KiB
dist/assets/tiki.4fbadd39.js             3.17 KiB / gzip: 1.23 KiB
dist/assets/ttcn-cfg.f314aaa3.js         4.02 KiB / gzip: 1.68 KiB
dist/assets/ttcn.6803d28f.js             4.75 KiB / gzip: 2.08 KiB
dist/assets/velocity.edaec375.js         2.61 KiB / gzip: 1.08 KiB
dist/assets/webidl.f1d12131.js           2.46 KiB / gzip: 1.21 KiB
dist/assets/vhdl.65594d3d.js             3.27 KiB / gzip: 1.47 KiB
dist/assets/yaml.9ec97ec9.js             1.49 KiB / gzip: 0.70 KiB
dist/assets/vb.ff979d08.js               3.81 KiB / gzip: 1.73 KiB
dist/assets/vbscript.76bff199.js         5.68 KiB / gzip: 2.49 KiB
dist/assets/z80.52d19f00.js              1.71 KiB / gzip: 0.79 KiB
dist/assets/yacas.6051680b.js            2.10 KiB / gzip: 1.06 KiB
dist/assets/index.f02c3166.js            53.43 KiB / gzip: 18.80 KiB
dist/assets/xquery.475f873e.js           6.56 KiB / gzip: 2.51 KiB
dist/assets/mscgen.d785c791.js           3.44 KiB / gzip: 0.95 KiB
dist/assets/index.61e4a4c6.js            90.73 KiB / gzip: 25.68 KiB
dist/assets/stylus.192dbab4.js           25.21 KiB / gzip: 8.43 KiB
dist/assets/index.f1a506e3.js            83.87 KiB / gzip: 28.43 KiB
dist/assets/index.16361ee8.js            66.78 KiB / gzip: 24.19 KiB
dist/assets/index.2de1291d.js            1789.40 KiB / gzip: 532.63 KiB

(!) Some chunks are larger than 500 KiB after minification. Consider:
- Using dynamic import() to code-split the application
- Use build.rollupOptions.output.manualChunks to improve chunking: https://rollupjs.org/guide/en/#outputmanualchunks
- Adjust chunk size limit for this warning via build.chunkSizeWarningLimit.
